<?xml version="1.0" encoding="UTF-8"?>
<testng-results skipped="0" failed="1" ignored="0" total="6" passed="5">
  <reporter-output>
  </reporter-output>
  <suite name="QA_Click_All" duration-ms="303233" started-at="2019-12-26T22:24:32 IST" finished-at="2019-12-26T22:29:35 IST">
    <groups>
    </groups>
    <test name="D:/WorkSpace/MaidenFramework" duration-ms="303233" started-at="2019-12-26T22:24:32 IST" finished-at="2019-12-26T22:29:35 IST">
      <class name="Automation.Module1">
        <test-method status="PASS" signature="launchBrowser()[pri:0, instance:Automation.Module1@28eaa59a]" name="launchBrowser" is-config="true" duration-ms="40649" started-at="2019-12-26T22:24:32 IST" finished-at="2019-12-26T22:25:13 IST">
          <reporter-output>
          </reporter-output>
        </test-method> <!-- launchBrowser -->
        <test-method status="PASS" signature="TestCase_01_LaunchWebsite()[pri:0, instance:Automation.Module1@28eaa59a]" name="TestCase_01_LaunchWebsite" duration-ms="11166" started-at="2019-12-26T22:25:13 IST" finished-at="2019-12-26T22:25:24 IST">
          <reporter-output>
          </reporter-output>
        </test-method> <!-- TestCase_01_LaunchWebsite -->
        <test-method status="PASS" signature="closeBrowser()[pri:0, instance:Automation.Module1@28eaa59a]" name="closeBrowser" is-config="true" duration-ms="662" started-at="2019-12-26T22:25:24 IST" finished-at="2019-12-26T22:25:25 IST">
          <reporter-output>
          </reporter-output>
        </test-method> <!-- closeBrowser -->
        <test-method status="PASS" signature="launchBrowser()[pri:0, instance:Automation.Module1@28eaa59a]" name="launchBrowser" is-config="true" duration-ms="18929" started-at="2019-12-26T22:25:25 IST" finished-at="2019-12-26T22:25:44 IST">
          <reporter-output>
          </reporter-output>
        </test-method> <!-- launchBrowser -->
        <test-method status="PASS" signature="TestCase_02_OpenLoginPage()[pri:0, instance:Automation.Module1@28eaa59a]" name="TestCase_02_OpenLoginPage" duration-ms="27300" started-at="2019-12-26T22:25:44 IST" finished-at="2019-12-26T22:26:11 IST">
          <reporter-output>
          </reporter-output>
        </test-method> <!-- TestCase_02_OpenLoginPage -->
        <test-method status="PASS" signature="closeBrowser()[pri:0, instance:Automation.Module1@28eaa59a]" name="closeBrowser" is-config="true" duration-ms="178" started-at="2019-12-26T22:26:11 IST" finished-at="2019-12-26T22:26:11 IST">
          <reporter-output>
          </reporter-output>
        </test-method> <!-- closeBrowser -->
        <test-method status="PASS" signature="launchBrowser()[pri:0, instance:Automation.Module1@28eaa59a]" name="launchBrowser" is-config="true" duration-ms="28198" started-at="2019-12-26T22:26:11 IST" finished-at="2019-12-26T22:26:39 IST">
          <reporter-output>
          </reporter-output>
        </test-method> <!-- launchBrowser -->
        <test-method status="FAIL" signature="TestCase_03_ErrorLogin()[pri:0, instance:Automation.Module1@28eaa59a]" name="TestCase_03_ErrorLogin" duration-ms="42685" started-at="2019-12-26T22:26:39 IST" finished-at="2019-12-26T22:27:22 IST">
          <exception class="java.lang.AssertionError">
            <message>
              <![CDATA[expected [Invalid email or password] but found [Invalid email or password.]]]>
            </message>
            <full-stacktrace>
              <![CDATA[java.lang.AssertionError: expected [Invalid email or password] but found [Invalid email or password.]
at org.testng.Assert.fail(Assert.java:97)
at org.testng.Assert.assertEqualsImpl(Assert.java:136)
at org.testng.Assert.assertEquals(Assert.java:118)
at org.testng.Assert.assertEquals(Assert.java:575)
at org.testng.Assert.assertEquals(Assert.java:585)
at Automation.Module1.TestCase_03_ErrorLogin(Module1.java:67)
at sun.reflect.NativeMethodAccessorImpl.invoke0(Native Method)
at sun.reflect.NativeMethodAccessorImpl.invoke(NativeMethodAccessorImpl.java:62)
at sun.reflect.DelegatingMethodAccessorImpl.invoke(DelegatingMethodAccessorImpl.java:43)
at java.lang.reflect.Method.invoke(Method.java:498)
at org.testng.internal.MethodInvocationHelper.invokeMethod(MethodInvocationHelper.java:133)
at org.testng.internal.TestInvoker.invokeMethod(TestInvoker.java:584)
at org.testng.internal.TestInvoker.invokeTestMethod(TestInvoker.java:172)
at org.testng.internal.MethodRunner.runInSequence(MethodRunner.java:46)
at org.testng.internal.TestInvoker$MethodInvocationAgent.invoke(TestInvoker.java:804)
at org.testng.internal.TestInvoker.invokeTestMethods(TestInvoker.java:145)
at org.testng.internal.TestMethodWorker.invokeTestMethods(TestMethodWorker.java:146)
at org.testng.internal.TestMethodWorker.run(TestMethodWorker.java:128)
at java.util.ArrayList.forEach(ArrayList.java:1257)
at org.testng.TestRunner.privateRun(TestRunner.java:770)
at org.testng.TestRunner.run(TestRunner.java:591)
at org.testng.SuiteRunner.runTest(SuiteRunner.java:402)
at org.testng.SuiteRunner.runSequentially(SuiteRunner.java:396)
at org.testng.SuiteRunner.privateRun(SuiteRunner.java:355)
at org.testng.SuiteRunner.run(SuiteRunner.java:304)
at org.testng.SuiteRunnerWorker.runSuite(SuiteRunnerWorker.java:53)
at org.testng.SuiteRunnerWorker.run(SuiteRunnerWorker.java:96)
at org.testng.TestNG.runSuitesSequentially(TestNG.java:1180)
at org.testng.TestNG.runSuitesLocally(TestNG.java:1102)
at org.testng.TestNG.runSuites(TestNG.java:1032)
at org.testng.TestNG.run(TestNG.java:1000)
at org.apache.maven.surefire.testng.TestNGExecutor.run(TestNGExecutor.java:283)
at org.apache.maven.surefire.testng.TestNGXmlTestSuite.execute(TestNGXmlTestSuite.java:75)
at org.apache.maven.surefire.testng.TestNGProvider.invoke(TestNGProvider.java:120)
at org.apache.maven.surefire.booter.ForkedBooter.runSuitesInProcess(ForkedBooter.java:377)
at org.apache.maven.surefire.booter.ForkedBooter.execute(ForkedBooter.java:138)
at org.apache.maven.surefire.booter.ForkedBooter.run(ForkedBooter.java:465)
at org.apache.maven.surefire.booter.ForkedBooter.main(ForkedBooter.java:451)
]]>
            </full-stacktrace>
          </exception> <!-- java.lang.AssertionError -->
          <reporter-output>
          </reporter-output>
        </test-method> <!-- TestCase_03_ErrorLogin -->
        <test-method status="PASS" signature="closeBrowser()[pri:0, instance:Automation.Module1@28eaa59a]" name="closeBrowser" is-config="true" duration-ms="157" started-at="2019-12-26T22:27:24 IST" finished-at="2019-12-26T22:27:24 IST">
          <reporter-output>
          </reporter-output>
        </test-method> <!-- closeBrowser -->
        <test-method status="PASS" signature="launchBrowser()[pri:0, instance:Automation.Module1@28eaa59a]" name="launchBrowser" is-config="true" duration-ms="11634" started-at="2019-12-26T22:27:24 IST" finished-at="2019-12-26T22:27:36 IST">
          <reporter-output>
          </reporter-output>
        </test-method> <!-- launchBrowser -->
        <test-method status="PASS" signature="TestCase_04_ErrorLogin(java.lang.String, java.lang.String)[pri:0, instance:Automation.Module1@28eaa59a]" name="TestCase_04_ErrorLogin" duration-ms="31750" started-at="2019-12-26T22:27:36 IST" data-provider="TestCase_04" finished-at="2019-12-26T22:28:08 IST">
          <params>
            <param index="0">
              <value>
                <![CDATA[sitanshu@abc.com]]>
              </value>
            </param>
            <param index="1">
              <value>
                <![CDATA[dracula]]>
              </value>
            </param>
          </params>
          <reporter-output>
          </reporter-output>
        </test-method> <!-- TestCase_04_ErrorLogin -->
        <test-method status="PASS" signature="closeBrowser()[pri:0, instance:Automation.Module1@28eaa59a]" name="closeBrowser" is-config="true" duration-ms="299" started-at="2019-12-26T22:28:08 IST" finished-at="2019-12-26T22:28:08 IST">
          <reporter-output>
          </reporter-output>
        </test-method> <!-- closeBrowser -->
        <test-method status="PASS" signature="launchBrowser()[pri:0, instance:Automation.Module1@28eaa59a]" name="launchBrowser" is-config="true" duration-ms="11832" started-at="2019-12-26T22:28:08 IST" finished-at="2019-12-26T22:28:20 IST">
          <reporter-output>
          </reporter-output>
        </test-method> <!-- launchBrowser -->
        <test-method status="PASS" signature="TestCase_04_ErrorLogin(java.lang.String, java.lang.String)[pri:0, instance:Automation.Module1@28eaa59a]" name="TestCase_04_ErrorLogin" duration-ms="30286" started-at="2019-12-26T22:28:20 IST" data-provider="TestCase_04" finished-at="2019-12-26T22:28:50 IST">
          <params>
            <param index="0">
              <value>
                <![CDATA[chandan@abc.com]]>
              </value>
            </param>
            <param index="1">
              <value>
                <![CDATA[dracula]]>
              </value>
            </param>
          </params>
          <reporter-output>
          </reporter-output>
        </test-method> <!-- TestCase_04_ErrorLogin -->
        <test-method status="PASS" signature="closeBrowser()[pri:0, instance:Automation.Module1@28eaa59a]" name="closeBrowser" is-config="true" duration-ms="170" started-at="2019-12-26T22:28:50 IST" finished-at="2019-12-26T22:28:50 IST">
          <reporter-output>
          </reporter-output>
        </test-method> <!-- closeBrowser -->
        <test-method status="PASS" signature="launchBrowser()[pri:0, instance:Automation.Module1@28eaa59a]" name="launchBrowser" is-config="true" duration-ms="12643" started-at="2019-12-26T22:28:50 IST" finished-at="2019-12-26T22:29:03 IST">
          <reporter-output>
          </reporter-output>
        </test-method> <!-- launchBrowser -->
        <test-method status="PASS" signature="TestCase_04_ErrorLogin(java.lang.String, java.lang.String)[pri:0, instance:Automation.Module1@28eaa59a]" name="TestCase_04_ErrorLogin" duration-ms="32166" started-at="2019-12-26T22:29:03 IST" data-provider="TestCase_04" finished-at="2019-12-26T22:29:35 IST">
          <params>
            <param index="0">
              <value>
                <![CDATA[subhransu@abc.com]]>
              </value>
            </param>
            <param index="1">
              <value>
                <![CDATA[dracula]]>
              </value>
            </param>
          </params>
          <reporter-output>
          </reporter-output>
        </test-method> <!-- TestCase_04_ErrorLogin -->
        <test-method status="PASS" signature="closeBrowser()[pri:0, instance:Automation.Module1@28eaa59a]" name="closeBrowser" is-config="true" duration-ms="221" started-at="2019-12-26T22:29:35 IST" finished-at="2019-12-26T22:29:35 IST">
          <reporter-output>
          </reporter-output>
        </test-method> <!-- closeBrowser -->
      </class> <!-- Automation.Module1 -->
    </test> <!-- D:/WorkSpace/MaidenFramework -->
  </suite> <!-- QA_Click_All -->
</testng-results>
